The system is: Darwin - 17.5.0 - x86_64
Compiling the C compiler identification source file "CMakeCCompilerId.c" succeeded.
Compiler: /Library/Developer/CommandLineTools/usr/bin/cc 
Build flags: 
Id flags:  

The output was:
0


Compilation of the C compiler identification source "CMakeCCompilerId.c" produced "a.out"

The C compiler identification is AppleClang, found in "/Users/sh/Documents/Work/grnet/test_libhatshuffle/src/build/CMakeFiles/3.10.3/CompilerIdC/a.out"

Compiling the CXX compiler identification source file "CMakeCXXCompilerId.cpp" succeeded.
Compiler: /usr/local/opt/llvm/bin/clang++ 
Build flags: -isystem;/usr/local/opt/llvm/include
Id flags:  

The output was:
0


Compilation of the CXX compiler identification source "CMakeCXXCompilerId.cpp" produced "a.out"

The CXX compiler identification is Clang, found in "/Users/sh/Documents/Work/grnet/test_libhatshuffle/src/build/CMakeFiles/3.10.3/CompilerIdCXX/a.out"

Determining if the C compiler works passed with the following output:
Change Dir: /Users/sh/Documents/Work/grnet/test_libhatshuffle/src/build/CMakeFiles/CMakeTmp

Run Build Command:"/usr/bin/make" "cmTC_2782f/fast"
/Library/Developer/CommandLineTools/usr/bin/make -f CMakeFiles/cmTC_2782f.dir/build.make CMakeFiles/cmTC_2782f.dir/build
Building C object CMakeFiles/cmTC_2782f.dir/testCCompiler.c.o
/Library/Developer/CommandLineTools/usr/bin/cc    -o CMakeFiles/cmTC_2782f.dir/testCCompiler.c.o   -c /Users/sh/Documents/Work/grnet/test_libhatshuffle/src/build/CMakeFiles/CMakeTmp/testCCompiler.c
Linking C executable cmTC_2782f
/usr/local/Cellar/cmake/3.10.3/bin/cmake -E cmake_link_script CMakeFiles/cmTC_2782f.dir/link.txt --verbose=1
/Library/Developer/CommandLineTools/usr/bin/cc   -Wl,-search_paths_first -Wl,-headerpad_max_install_names   CMakeFiles/cmTC_2782f.dir/testCCompiler.c.o  -o cmTC_2782f 


Detecting C compiler ABI info compiled with the following output:
Change Dir: /Users/sh/Documents/Work/grnet/test_libhatshuffle/src/build/CMakeFiles/CMakeTmp

Run Build Command:"/usr/bin/make" "cmTC_0bf5b/fast"
/Library/Developer/CommandLineTools/usr/bin/make -f CMakeFiles/cmTC_0bf5b.dir/build.make CMakeFiles/cmTC_0bf5b.dir/build
Building C object CMakeFiles/cmTC_0bf5b.dir/CMakeCCompilerABI.c.o
/Library/Developer/CommandLineTools/usr/bin/cc    -o CMakeFiles/cmTC_0bf5b.dir/CMakeCCompilerABI.c.o   -c /usr/local/Cellar/cmake/3.10.3/share/cmake/Modules/CMakeCCompilerABI.c
Linking C executable cmTC_0bf5b
/usr/local/Cellar/cmake/3.10.3/bin/cmake -E cmake_link_script CMakeFiles/cmTC_0bf5b.dir/link.txt --verbose=1
/Library/Developer/CommandLineTools/usr/bin/cc   -Wl,-search_paths_first -Wl,-headerpad_max_install_names  -v -Wl,-v CMakeFiles/cmTC_0bf5b.dir/CMakeCCompilerABI.c.o  -o cmTC_0bf5b 
Apple LLVM version 9.1.0 (clang-902.0.39.1)
Target: x86_64-apple-darwin17.5.0
Thread model: posix
InstalledDir: /Library/Developer/CommandLineTools/usr/bin
 "/Library/Developer/CommandLineTools/usr/bin/ld" -demangle -lto_library /Library/Developer/CommandLineTools/usr/lib/libLTO.dylib -dynamic -arch x86_64 -macosx_version_min 10.13.0 -o cmTC_0bf5b -search_paths_first -headerpad_max_install_names -v CMakeFiles/cmTC_0bf5b.dir/CMakeCCompilerABI.c.o -lSystem /Library/Developer/CommandLineTools/usr/lib/clang/9.1.0/lib/darwin/libclang_rt.osx.a
@(#)PROGRAM:ld  PROJECT:ld64-351.8
configured to support archs: armv6 armv7 armv7s arm64 i386 x86_64 x86_64h armv6m armv7k armv7m armv7em (tvOS)
Library search paths:
	/usr/lib
	/usr/local/lib
Framework search paths:
	/Library/Frameworks/
	/System/Library/Frameworks/


Parsed C implicit link information from above output:
  link line regex: [^( *|.*[/\])(ld|CMAKE_LINK_STARTFILE-NOTFOUND|([^/\]+-)?ld|collect2)[^/\]*( |$)]
  ignore line: [Change Dir: /Users/sh/Documents/Work/grnet/test_libhatshuffle/src/build/CMakeFiles/CMakeTmp]
  ignore line: []
  ignore line: [Run Build Command:"/usr/bin/make" "cmTC_0bf5b/fast"]
  ignore line: [/Library/Developer/CommandLineTools/usr/bin/make -f CMakeFiles/cmTC_0bf5b.dir/build.make CMakeFiles/cmTC_0bf5b.dir/build]
  ignore line: [Building C object CMakeFiles/cmTC_0bf5b.dir/CMakeCCompilerABI.c.o]
  ignore line: [/Library/Developer/CommandLineTools/usr/bin/cc    -o CMakeFiles/cmTC_0bf5b.dir/CMakeCCompilerABI.c.o   -c /usr/local/Cellar/cmake/3.10.3/share/cmake/Modules/CMakeCCompilerABI.c]
  ignore line: [Linking C executable cmTC_0bf5b]
  ignore line: [/usr/local/Cellar/cmake/3.10.3/bin/cmake -E cmake_link_script CMakeFiles/cmTC_0bf5b.dir/link.txt --verbose=1]
  ignore line: [/Library/Developer/CommandLineTools/usr/bin/cc   -Wl,-search_paths_first -Wl,-headerpad_max_install_names  -v -Wl,-v CMakeFiles/cmTC_0bf5b.dir/CMakeCCompilerABI.c.o  -o cmTC_0bf5b ]
  ignore line: [Apple LLVM version 9.1.0 (clang-902.0.39.1)]
  ignore line: [Target: x86_64-apple-darwin17.5.0]
  ignore line: [Thread model: posix]
  ignore line: [InstalledDir: /Library/Developer/CommandLineTools/usr/bin]
  link line: [ "/Library/Developer/CommandLineTools/usr/bin/ld" -demangle -lto_library /Library/Developer/CommandLineTools/usr/lib/libLTO.dylib -dynamic -arch x86_64 -macosx_version_min 10.13.0 -o cmTC_0bf5b -search_paths_first -headerpad_max_install_names -v CMakeFiles/cmTC_0bf5b.dir/CMakeCCompilerABI.c.o -lSystem /Library/Developer/CommandLineTools/usr/lib/clang/9.1.0/lib/darwin/libclang_rt.osx.a]
    arg [/Library/Developer/CommandLineTools/usr/bin/ld] ==> ignore
    arg [-demangle] ==> ignore
    arg [-lto_library] ==> ignore, skip following value
    arg [/Library/Developer/CommandLineTools/usr/lib/libLTO.dylib] ==> skip value of -lto_library
    arg [-dynamic] ==> ignore
    arg [-arch] ==> ignore
    arg [x86_64] ==> ignore
    arg [-macosx_version_min] ==> ignore
    arg [10.13.0] ==> ignore
    arg [-o] ==> ignore
    arg [cmTC_0bf5b] ==> ignore
    arg [-search_paths_first] ==> ignore
    arg [-headerpad_max_install_names] ==> ignore
    arg [-v] ==> ignore
    arg [CMakeFiles/cmTC_0bf5b.dir/CMakeCCompilerABI.c.o] ==> ignore
    arg [-lSystem] ==> lib [System]
    arg [/Library/Developer/CommandLineTools/usr/lib/clang/9.1.0/lib/darwin/libclang_rt.osx.a] ==> lib [/Library/Developer/CommandLineTools/usr/lib/clang/9.1.0/lib/darwin/libclang_rt.osx.a]
  Library search paths: [;/usr/lib;/usr/local/lib]
  Framework search paths: [;/Library/Frameworks/;/System/Library/Frameworks/]
  remove lib [System]
  remove lib [/Library/Developer/CommandLineTools/usr/lib/clang/9.1.0/lib/darwin/libclang_rt.osx.a]
  collapse library dir [/usr/lib] ==> [/usr/lib]
  collapse library dir [/usr/local/lib] ==> [/usr/local/lib]
  collapse framework dir [/Library/Frameworks/] ==> [/Library/Frameworks]
  collapse framework dir [/System/Library/Frameworks/] ==> [/System/Library/Frameworks]
  implicit libs: []
  implicit dirs: [/usr/lib;/usr/local/lib]
  implicit fwks: [/Library/Frameworks;/System/Library/Frameworks]




Detecting C [-std=c11] compiler features compiled with the following output:
Change Dir: /Users/sh/Documents/Work/grnet/test_libhatshuffle/src/build/CMakeFiles/CMakeTmp

Run Build Command:"/usr/bin/make" "cmTC_cb534/fast"
/Library/Developer/CommandLineTools/usr/bin/make -f CMakeFiles/cmTC_cb534.dir/build.make CMakeFiles/cmTC_cb534.dir/build
Building C object CMakeFiles/cmTC_cb534.dir/feature_tests.c.o
/Library/Developer/CommandLineTools/usr/bin/cc   -std=c11 -o CMakeFiles/cmTC_cb534.dir/feature_tests.c.o   -c /Users/sh/Documents/Work/grnet/test_libhatshuffle/src/build/CMakeFiles/feature_tests.c
Linking C executable cmTC_cb534
/usr/local/Cellar/cmake/3.10.3/bin/cmake -E cmake_link_script CMakeFiles/cmTC_cb534.dir/link.txt --verbose=1
/Library/Developer/CommandLineTools/usr/bin/cc   -Wl,-search_paths_first -Wl,-headerpad_max_install_names   CMakeFiles/cmTC_cb534.dir/feature_tests.c.o  -o cmTC_cb534 


    Feature record: C_FEATURE:1c_function_prototypes
    Feature record: C_FEATURE:1c_restrict
    Feature record: C_FEATURE:1c_static_assert
    Feature record: C_FEATURE:1c_variadic_macros


Detecting C [-std=c99] compiler features compiled with the following output:
Change Dir: /Users/sh/Documents/Work/grnet/test_libhatshuffle/src/build/CMakeFiles/CMakeTmp

Run Build Command:"/usr/bin/make" "cmTC_356e0/fast"
/Library/Developer/CommandLineTools/usr/bin/make -f CMakeFiles/cmTC_356e0.dir/build.make CMakeFiles/cmTC_356e0.dir/build
Building C object CMakeFiles/cmTC_356e0.dir/feature_tests.c.o
/Library/Developer/CommandLineTools/usr/bin/cc   -std=c99 -o CMakeFiles/cmTC_356e0.dir/feature_tests.c.o   -c /Users/sh/Documents/Work/grnet/test_libhatshuffle/src/build/CMakeFiles/feature_tests.c
Linking C executable cmTC_356e0
/usr/local/Cellar/cmake/3.10.3/bin/cmake -E cmake_link_script CMakeFiles/cmTC_356e0.dir/link.txt --verbose=1
/Library/Developer/CommandLineTools/usr/bin/cc   -Wl,-search_paths_first -Wl,-headerpad_max_install_names   CMakeFiles/cmTC_356e0.dir/feature_tests.c.o  -o cmTC_356e0 


    Feature record: C_FEATURE:1c_function_prototypes
    Feature record: C_FEATURE:1c_restrict
    Feature record: C_FEATURE:0c_static_assert
    Feature record: C_FEATURE:1c_variadic_macros


Detecting C [-std=c90] compiler features compiled with the following output:
Change Dir: /Users/sh/Documents/Work/grnet/test_libhatshuffle/src/build/CMakeFiles/CMakeTmp

Run Build Command:"/usr/bin/make" "cmTC_1494c/fast"
/Library/Developer/CommandLineTools/usr/bin/make -f CMakeFiles/cmTC_1494c.dir/build.make CMakeFiles/cmTC_1494c.dir/build
Building C object CMakeFiles/cmTC_1494c.dir/feature_tests.c.o
/Library/Developer/CommandLineTools/usr/bin/cc   -std=c90 -o CMakeFiles/cmTC_1494c.dir/feature_tests.c.o   -c /Users/sh/Documents/Work/grnet/test_libhatshuffle/src/build/CMakeFiles/feature_tests.c
Linking C executable cmTC_1494c
/usr/local/Cellar/cmake/3.10.3/bin/cmake -E cmake_link_script CMakeFiles/cmTC_1494c.dir/link.txt --verbose=1
/Library/Developer/CommandLineTools/usr/bin/cc   -Wl,-search_paths_first -Wl,-headerpad_max_install_names   CMakeFiles/cmTC_1494c.dir/feature_tests.c.o  -o cmTC_1494c 


    Feature record: C_FEATURE:1c_function_prototypes
    Feature record: C_FEATURE:0c_restrict
    Feature record: C_FEATURE:0c_static_assert
    Feature record: C_FEATURE:0c_variadic_macros
Determining if the CXX compiler works passed with the following output:
Change Dir: /Users/sh/Documents/Work/grnet/test_libhatshuffle/src/build/CMakeFiles/CMakeTmp

Run Build Command:"/usr/bin/make" "cmTC_96cec/fast"
/Library/Developer/CommandLineTools/usr/bin/make -f CMakeFiles/cmTC_96cec.dir/build.make CMakeFiles/cmTC_96cec.dir/build
Building CXX object CMakeFiles/cmTC_96cec.dir/testCXXCompiler.cxx.o
/usr/local/opt/llvm/bin/clang++    -isystem /usr/local/opt/llvm/include    -o CMakeFiles/cmTC_96cec.dir/testCXXCompiler.cxx.o -c /Users/sh/Documents/Work/grnet/test_libhatshuffle/src/build/CMakeFiles/CMakeTmp/testCXXCompiler.cxx
Linking CXX executable cmTC_96cec
/usr/local/Cellar/cmake/3.10.3/bin/cmake -E cmake_link_script CMakeFiles/cmTC_96cec.dir/link.txt --verbose=1
/usr/local/opt/llvm/bin/clang++  -isystem /usr/local/opt/llvm/include  -Wl,-search_paths_first -Wl,-headerpad_max_install_names   CMakeFiles/cmTC_96cec.dir/testCXXCompiler.cxx.o  -o cmTC_96cec 


Detecting CXX compiler ABI info compiled with the following output:
Change Dir: /Users/sh/Documents/Work/grnet/test_libhatshuffle/src/build/CMakeFiles/CMakeTmp

Run Build Command:"/usr/bin/make" "cmTC_b5395/fast"
/Library/Developer/CommandLineTools/usr/bin/make -f CMakeFiles/cmTC_b5395.dir/build.make CMakeFiles/cmTC_b5395.dir/build
Building CXX object CMakeFiles/cmTC_b5395.dir/CMakeCXXCompilerABI.cpp.o
/usr/local/opt/llvm/bin/clang++    -isystem /usr/local/opt/llvm/include    -o CMakeFiles/cmTC_b5395.dir/CMakeCXXCompilerABI.cpp.o -c /usr/local/Cellar/cmake/3.10.3/share/cmake/Modules/CMakeCXXCompilerABI.cpp
Linking CXX executable cmTC_b5395
/usr/local/Cellar/cmake/3.10.3/bin/cmake -E cmake_link_script CMakeFiles/cmTC_b5395.dir/link.txt --verbose=1
/usr/local/opt/llvm/bin/clang++  -isystem /usr/local/opt/llvm/include  -Wl,-search_paths_first -Wl,-headerpad_max_install_names  -v -Wl,-v CMakeFiles/cmTC_b5395.dir/CMakeCXXCompilerABI.cpp.o  -o cmTC_b5395 
clang version 6.0.0 (tags/RELEASE_600/final)
Target: x86_64-apple-darwin17.5.0
Thread model: posix
InstalledDir: /usr/local/opt/llvm/bin
 "/usr/bin/ld" -demangle -lto_library /usr/local/Cellar/llvm/6.0.0/lib/libLTO.dylib -dynamic -arch x86_64 -macosx_version_min 10.13.0 -o cmTC_b5395 -search_paths_first -headerpad_max_install_names -v CMakeFiles/cmTC_b5395.dir/CMakeCXXCompilerABI.cpp.o -lc++ -lSystem /usr/local/Cellar/llvm/6.0.0/lib/clang/6.0.0/lib/darwin/libclang_rt.osx.a
@(#)PROGRAM:ld  PROJECT:ld64-351.8
configured to support archs: armv6 armv7 armv7s arm64 i386 x86_64 x86_64h armv6m armv7k armv7m armv7em (tvOS)
Library search paths:
	/usr/lib
	/usr/local/lib
Framework search paths:
	/Library/Frameworks/
	/System/Library/Frameworks/


Parsed CXX implicit link information from above output:
  link line regex: [^( *|.*[/\])(ld|CMAKE_LINK_STARTFILE-NOTFOUND|([^/\]+-)?ld|collect2)[^/\]*( |$)]
  ignore line: [Change Dir: /Users/sh/Documents/Work/grnet/test_libhatshuffle/src/build/CMakeFiles/CMakeTmp]
  ignore line: []
  ignore line: [Run Build Command:"/usr/bin/make" "cmTC_b5395/fast"]
  ignore line: [/Library/Developer/CommandLineTools/usr/bin/make -f CMakeFiles/cmTC_b5395.dir/build.make CMakeFiles/cmTC_b5395.dir/build]
  ignore line: [Building CXX object CMakeFiles/cmTC_b5395.dir/CMakeCXXCompilerABI.cpp.o]
  ignore line: [/usr/local/opt/llvm/bin/clang++    -isystem /usr/local/opt/llvm/include    -o CMakeFiles/cmTC_b5395.dir/CMakeCXXCompilerABI.cpp.o -c /usr/local/Cellar/cmake/3.10.3/share/cmake/Modules/CMakeCXXCompilerABI.cpp]
  ignore line: [Linking CXX executable cmTC_b5395]
  ignore line: [/usr/local/Cellar/cmake/3.10.3/bin/cmake -E cmake_link_script CMakeFiles/cmTC_b5395.dir/link.txt --verbose=1]
  ignore line: [/usr/local/opt/llvm/bin/clang++  -isystem /usr/local/opt/llvm/include  -Wl,-search_paths_first -Wl,-headerpad_max_install_names  -v -Wl,-v CMakeFiles/cmTC_b5395.dir/CMakeCXXCompilerABI.cpp.o  -o cmTC_b5395 ]
  ignore line: [clang version 6.0.0 (tags/RELEASE_600/final)]
  ignore line: [Target: x86_64-apple-darwin17.5.0]
  ignore line: [Thread model: posix]
  ignore line: [InstalledDir: /usr/local/opt/llvm/bin]
  link line: [ "/usr/bin/ld" -demangle -lto_library /usr/local/Cellar/llvm/6.0.0/lib/libLTO.dylib -dynamic -arch x86_64 -macosx_version_min 10.13.0 -o cmTC_b5395 -search_paths_first -headerpad_max_install_names -v CMakeFiles/cmTC_b5395.dir/CMakeCXXCompilerABI.cpp.o -lc++ -lSystem /usr/local/Cellar/llvm/6.0.0/lib/clang/6.0.0/lib/darwin/libclang_rt.osx.a]
    arg [/usr/bin/ld] ==> ignore
    arg [-demangle] ==> ignore
    arg [-lto_library] ==> ignore, skip following value
    arg [/usr/local/Cellar/llvm/6.0.0/lib/libLTO.dylib] ==> skip value of -lto_library
    arg [-dynamic] ==> ignore
    arg [-arch] ==> ignore
    arg [x86_64] ==> ignore
    arg [-macosx_version_min] ==> ignore
    arg [10.13.0] ==> ignore
    arg [-o] ==> ignore
    arg [cmTC_b5395] ==> ignore
    arg [-search_paths_first] ==> ignore
    arg [-headerpad_max_install_names] ==> ignore
    arg [-v] ==> ignore
    arg [CMakeFiles/cmTC_b5395.dir/CMakeCXXCompilerABI.cpp.o] ==> ignore
    arg [-lc++] ==> lib [c++]
    arg [-lSystem] ==> lib [System]
    arg [/usr/local/Cellar/llvm/6.0.0/lib/clang/6.0.0/lib/darwin/libclang_rt.osx.a] ==> lib [/usr/local/Cellar/llvm/6.0.0/lib/clang/6.0.0/lib/darwin/libclang_rt.osx.a]
  Library search paths: [;/usr/lib;/usr/local/lib]
  Framework search paths: [;/Library/Frameworks/;/System/Library/Frameworks/]
  remove lib [System]
  remove lib [/usr/local/Cellar/llvm/6.0.0/lib/clang/6.0.0/lib/darwin/libclang_rt.osx.a]
  collapse library dir [/usr/lib] ==> [/usr/lib]
  collapse library dir [/usr/local/lib] ==> [/usr/local/lib]
  collapse framework dir [/Library/Frameworks/] ==> [/Library/Frameworks]
  collapse framework dir [/System/Library/Frameworks/] ==> [/System/Library/Frameworks]
  implicit libs: [c++]
  implicit dirs: [/usr/lib;/usr/local/lib]
  implicit fwks: [/Library/Frameworks;/System/Library/Frameworks]


